[02-May-2013 03:03:00 UTC] PHP Fatal error:  Call to undefined method ThemeView::layoutFile() in H:\jtita\app\modules\jtcore\views\admins\index\index.jtp on line 2
[02-May-2013 03:03:00 UTC] PHP Fatal error:  Call to undefined method ThemeView::layoutFile() in H:\jtita\app\modules\jtcore\views\admins\index\index.jtp on line 2
[02-May-2013 03:15:31 UTC] PHP Fatal error:  Call to undefined method ThemeView::layoutFile() in H:\jtita\app\modules\jtcore\views\admins\index\index.jtp on line 2
[02-May-2013 03:15:31 UTC] PHP Fatal error:  Call to undefined method ThemeView::layoutFile() in H:\jtita\app\modules\jtcore\views\admins\index\index.jtp on line 2
[02-May-2013 03:15:43 UTC] PHP Fatal error:  Call to undefined method ThemeView::layoutFile() in H:\jtita\app\modules\jtcore\views\admins\index\index.jtp on line 2
[02-May-2013 03:15:43 UTC] PHP Fatal error:  Call to undefined method ThemeView::layoutFile() in H:\jtita\app\modules\jtcore\views\admins\index\index.jtp on line 2
[02-May-2013 08:06:34 UTC] PHP Notice:  Undefined index: last_login_date in H:\jtita\app\modules\jtcore\views\admins\index\index.jtp on line 69
[02-May-2013 08:06:34 UTC] PHP Notice:  Undefined index: last_login_date in H:\jtita\app\modules\jtcore\views\admins\index\index.jtp on line 69
[02-May-2013 08:06:34 UTC] PHP Notice:  Undefined index: last_login_date in H:\jtita\app\modules\jtcore\views\admins\index\index.jtp on line 69
[02-May-2013 08:06:34 UTC] PHP Notice:  Undefined index: last_login_date in H:\jtita\app\modules\jtcore\views\admins\index\index.jtp on line 69
[02-May-2013 08:06:34 UTC] PHP Notice:  Undefined index: last_login_date in H:\jtita\app\modules\jtcore\views\admins\index\index.jtp on line 69
[02-May-2013 08:06:35 UTC] PHP Notice:  Undefined index: last_login_date in H:\jtita\app\modules\jtcore\views\admins\index\index.jtp on line 69
[02-May-2013 08:06:35 UTC] PHP Notice:  Undefined index: last_login_date in H:\jtita\app\modules\jtcore\views\admins\index\index.jtp on line 69
[02-May-2013 08:06:35 UTC] PHP Notice:  Undefined index: last_login_date in H:\jtita\app\modules\jtcore\views\admins\index\index.jtp on line 69
[02-May-2013 08:06:35 UTC] PHP Notice:  Undefined index: last_login_date in H:\jtita\app\modules\jtcore\views\admins\index\index.jtp on line 69
[02-May-2013 08:06:35 UTC] PHP Notice:  Undefined index: last_login_date in H:\jtita\app\modules\jtcore\views\admins\index\index.jtp on line 69
[02-May-2013 08:09:24 UTC] PHP Fatal error:  Call to undefined method ThemeView::layoutFile() in H:\jtita\app\modules\jtcore\views\admins\access\index.jtp on line 2
[02-May-2013 08:09:26 UTC] PHP Fatal error:  Call to undefined method ThemeView::layoutFile() in H:\jtita\app\modules\jtcore\views\admins\users\index.jtp on line 2
[02-May-2013 08:12:20 UTC] PHP Fatal error:  Call to undefined method ThemeView::layoutFile() in H:\jtita\app\modules\jtcore\views\admins\users\index.jtp on line 2
[02-May-2013 08:12:21 UTC] PHP Fatal error:  Call to undefined method ThemeView::layoutFile() in H:\jtita\app\modules\jtcore\views\admins\users\index.jtp on line 2
[02-May-2013 08:14:28 UTC] PHP Fatal error:  Call to undefined function _dropFilter() in H:\jtita\app\modules\jtcore\views\admins\users\index.jtp on line 63
[02-May-2013 08:14:31 UTC] PHP Fatal error:  Call to undefined function _dropFilter() in H:\jtita\app\modules\jtcore\views\admins\users\index.jtp on line 63
[02-May-2013 08:14:34 UTC] PHP Fatal error:  Call to undefined function _dropFilter() in H:\jtita\app\modules\jtcore\views\admins\users\index.jtp on line 63
[02-May-2013 08:14:59 UTC] PHP Fatal error:  Call to undefined method ThemeView::importHelpers() in H:\jtita\app\modules\jtcore\views\admins\users\index.jtp on line 100
[02-May-2013 08:24:10 UTC] PHP Fatal error:  Declaration of PaginateFilter::execute() must be compatible with Filter::execute($controller, $actionMethod) in H:\jtita\jtita\controllers\filters\paginate_filter.inc on line 22
[02-May-2013 08:24:12 UTC] PHP Fatal error:  Declaration of PaginateFilter::execute() must be compatible with Filter::execute($controller, $actionMethod) in H:\jtita\jtita\controllers\filters\paginate_filter.inc on line 22
[02-May-2013 08:25:10 UTC] PHP Notice:  Undefined index: finder in H:\jtita\jtita\controllers\controller.inc on line 192
[02-May-2013 08:25:10 UTC] PHP Fatal error:  Call to undefined method PaginateFilter::query() in H:\jtita\jtita\controllers\filters\paginate_filter.inc on line 62
[02-May-2013 08:25:12 UTC] PHP Notice:  Undefined index: finder in H:\jtita\jtita\controllers\controller.inc on line 192
[02-May-2013 08:25:12 UTC] PHP Fatal error:  Call to undefined method PaginateFilter::query() in H:\jtita\jtita\controllers\filters\paginate_filter.inc on line 62
[02-May-2013 08:25:14 UTC] PHP Notice:  Undefined index: finder in H:\jtita\jtita\controllers\controller.inc on line 192
[02-May-2013 08:25:14 UTC] PHP Fatal error:  Call to undefined method PaginateFilter::query() in H:\jtita\jtita\controllers\filters\paginate_filter.inc on line 62
[02-May-2013 09:09:12 UTC] PHP Fatal error:  Undefined class constant 'PAGINATE_PAGE_PARAM' in H:\jtita\jtita\views\_helpers\paginate.inc on line 42
[02-May-2013 09:09:23 UTC] PHP Fatal error:  Undefined class constant 'PAGINATE_PAGE_PARAM' in H:\jtita\jtita\views\_helpers\paginate.inc on line 42
[02-May-2013 09:14:50 UTC] PHP Notice:  Undefined index: pageCount in H:\jtita\jtita\views\_helpers\paginate.inc on line 55
[02-May-2013 09:14:50 UTC] PHP Notice:  Undefined index: pageCount in H:\jtita\jtita\views\_helpers\paginate.inc on line 64
[02-May-2013 10:22:54 UTC] PHP Notice:  Undefined index: users in H:\jtita\jtita\controllers\controller.inc on line 192
[02-May-2013 10:22:54 UTC] PHP Fatal error:  Call to undefined method ThemeView::layoutFile() in H:\jtita\app\modules\jtcore\views\admins\users\new.jtp on line 2
[02-May-2013 10:24:24 UTC] PHP Notice:  Undefined index: users in H:\jtita\jtita\controllers\controller.inc on line 192
[02-May-2013 10:24:25 UTC] PHP Fatal error:  Call to undefined method ThemeView::layoutFile() in H:\jtita\app\modules\jtcore\views\admins\users\new.jtp on line 2
[02-May-2013 10:24:31 UTC] PHP Notice:  Undefined index: users in H:\jtita\jtita\controllers\controller.inc on line 192
[02-May-2013 10:24:31 UTC] PHP Fatal error:  Call to undefined method ThemeView::layoutFile() in H:\jtita\app\modules\jtcore\views\admins\users\new.jtp on line 2
[02-May-2013 10:27:38 UTC] PHP Notice:  Undefined index: users in H:\jtita\jtita\controllers\controller.inc on line 192
[02-May-2013 10:27:38 UTC] PHP Fatal error:  Call to undefined method ThemeView::layoutFile() in H:\jtita\app\modules\jtcore\views\admins\users\new.jtp on line 2
[02-May-2013 10:29:06 UTC] PHP Notice:  Undefined index: users in H:\jtita\jtita\controllers\controller.inc on line 192
[02-May-2013 10:29:07 UTC] PHP Fatal error:  Call to undefined method ThemeView::layoutFile() in H:\jtita\app\modules\jtcore\views\admins\users\new.jtp on line 2
[02-May-2013 10:29:17 UTC] PHP Notice:  Undefined index: users in H:\jtita\jtita\controllers\controller.inc on line 192
[02-May-2013 10:29:17 UTC] PHP Fatal error:  Call to undefined method ThemeView::layoutFile() in H:\jtita\app\modules\jtcore\views\admins\users\new.jtp on line 2
[02-May-2013 10:29:18 UTC] PHP Notice:  Undefined index: users in H:\jtita\jtita\controllers\controller.inc on line 192
[02-May-2013 10:29:18 UTC] PHP Fatal error:  Call to undefined method ThemeView::layoutFile() in H:\jtita\app\modules\jtcore\views\admins\users\new.jtp on line 2
[02-May-2013 10:29:20 UTC] PHP Notice:  Undefined index: users in H:\jtita\jtita\controllers\controller.inc on line 192
[02-May-2013 10:29:20 UTC] PHP Fatal error:  Call to undefined method ThemeView::layoutFile() in H:\jtita\app\modules\jtcore\views\admins\users\new.jtp on line 2
[02-May-2013 10:29:23 UTC] PHP Notice:  Undefined index: users in H:\jtita\jtita\controllers\controller.inc on line 192
[02-May-2013 10:29:23 UTC] PHP Fatal error:  Call to undefined method ThemeView::layoutFile() in H:\jtita\app\modules\jtcore\views\admins\users\new.jtp on line 2
[02-May-2013 10:30:54 UTC] PHP Fatal error:  Call to undefined method ThemeView::layoutFile() in H:\jtita\app\modules\jtcore\views\admins\access\index.jtp on line 2
[02-May-2013 10:34:02 UTC] PHP Notice:  Undefined index: users in H:\jtita\jtita\controllers\controller.inc on line 192
[02-May-2013 10:34:02 UTC] PHP Fatal error:  Call to undefined method ThemeView::layoutFile() in H:\jtita\app\modules\jtcore\views\admins\users\new.jtp on line 2
[02-May-2013 10:37:35 UTC] PHP Notice:  Undefined index: users in H:\jtita\jtita\controllers\controller.inc on line 192
[02-May-2013 10:38:18 UTC] PHP Notice:  Undefined index: users in H:\jtita\jtita\controllers\controller.inc on line 192
[02-May-2013 10:39:12 UTC] PHP Notice:  Undefined index: users in H:\jtita\jtita\controllers\controller.inc on line 192
[02-May-2013 10:39:12 UTC] PHP Fatal error:  Call to undefined method ThemeView::flashMessage() in H:\jtita\jtita\views\_funs\redirect.jtp on line 2
[02-May-2013 10:39:26 UTC] PHP Notice:  Undefined index: users in H:\jtita\jtita\controllers\controller.inc on line 192
[02-May-2013 10:39:26 UTC] PHP Fatal error:  Call to undefined method ThemeView::flashMessage() in H:\jtita\jtita\views\_funs\redirect.jtp on line 2
[02-May-2013 10:39:45 UTC] PHP Notice:  Undefined index: users in H:\jtita\jtita\controllers\controller.inc on line 192
[02-May-2013 10:39:46 UTC] PHP Notice:  Undefined index: users in H:\jtita\jtita\controllers\controller.inc on line 192
[02-May-2013 10:39:46 UTC] PHP Notice:  Undefined index: users in H:\jtita\jtita\controllers\controller.inc on line 192
[02-May-2013 10:39:46 UTC] PHP Notice:  Undefined index: users in H:\jtita\jtita\controllers\controller.inc on line 192
[02-May-2013 10:39:46 UTC] PHP Notice:  Undefined index: users in H:\jtita\jtita\controllers\controller.inc on line 192
[02-May-2013 10:39:46 UTC] PHP Notice:  Undefined index: users in H:\jtita\jtita\controllers\controller.inc on line 192
[02-May-2013 10:39:46 UTC] PHP Notice:  Undefined index: users in H:\jtita\jtita\controllers\controller.inc on line 192
[02-May-2013 10:39:46 UTC] PHP Notice:  Undefined index: users in H:\jtita\jtita\controllers\controller.inc on line 192
[02-May-2013 10:39:46 UTC] PHP Notice:  Undefined index: users in H:\jtita\jtita\controllers\controller.inc on line 192
[02-May-2013 10:39:47 UTC] PHP Notice:  Undefined index: users in H:\jtita\jtita\controllers\controller.inc on line 192
[02-May-2013 10:39:47 UTC] PHP Notice:  Undefined index: users in H:\jtita\jtita\controllers\controller.inc on line 192
[02-May-2013 10:39:47 UTC] PHP Notice:  Undefined index: users in H:\jtita\jtita\controllers\controller.inc on line 192
[02-May-2013 10:39:47 UTC] PHP Notice:  Undefined index: users in H:\jtita\jtita\controllers\controller.inc on line 192
[02-May-2013 10:39:47 UTC] PHP Notice:  Undefined index: users in H:\jtita\jtita\controllers\controller.inc on line 192
[02-May-2013 10:39:47 UTC] PHP Notice:  Undefined index: users in H:\jtita\jtita\controllers\controller.inc on line 192
[02-May-2013 10:39:47 UTC] PHP Notice:  Undefined index: users in H:\jtita\jtita\controllers\controller.inc on line 192
[02-May-2013 10:39:47 UTC] PHP Notice:  Undefined index: users in H:\jtita\jtita\controllers\controller.inc on line 192
[02-May-2013 10:39:48 UTC] PHP Notice:  Undefined index: users in H:\jtita\jtita\controllers\controller.inc on line 192
[02-May-2013 10:39:48 UTC] PHP Notice:  Undefined index: users in H:\jtita\jtita\controllers\controller.inc on line 192
[02-May-2013 10:39:48 UTC] PHP Notice:  Undefined index: users in H:\jtita\jtita\controllers\controller.inc on line 192
[02-May-2013 10:39:48 UTC] PHP Notice:  Undefined index: users in H:\jtita\jtita\controllers\controller.inc on line 192
[02-May-2013 10:40:59 UTC] PHP Notice:  Undefined index: users in H:\jtita\jtita\controllers\controller.inc on line 192
[02-May-2013 10:41:07 UTC] PHP Notice:  Undefined index: users in H:\jtita\jtita\controllers\controller.inc on line 192
[02-May-2013 10:41:23 UTC] PHP Notice:  Undefined index: users in H:\jtita\jtita\controllers\controller.inc on line 192
[02-May-2013 10:41:23 UTC] PHP Fatal error:  Call to undefined method ThemeView::layoutFile() in H:\jtita\app\modules\jtcore\views\admins\users\new.jtp on line 2
[02-May-2013 10:41:46 UTC] PHP Notice:  Undefined index: users in H:\jtita\jtita\controllers\controller.inc on line 192
[02-May-2013 10:41:46 UTC] PHP Fatal error:  Call to undefined method ThemeView::layoutFile() in H:\jtita\app\modules\jtcore\views\admins\users\new.jtp on line 2
[02-May-2013 10:42:12 UTC] PHP Notice:  Undefined index: users in H:\jtita\jtita\controllers\controller.inc on line 192
[02-May-2013 10:42:12 UTC] PHP Fatal error:  Call to undefined method ThemeView::layoutFile() in H:\jtita\app\modules\jtcore\views\admins\users\new.jtp on line 2
[03-May-2013 01:06:18 UTC] PHP Notice:  Undefined index: users in H:\jtita\jtita\controllers\controller.inc on line 192
[03-May-2013 01:06:18 UTC] PHP Fatal error:  Call to undefined method ThemeView::layoutFile() in H:\jtita\app\modules\jtcore\views\admins\users\new.jtp on line 2
[03-May-2013 01:07:09 UTC] PHP Notice:  Undefined index: users in H:\jtita\jtita\controllers\controller.inc on line 192
[03-May-2013 01:20:58 UTC] PHP Fatal error:  Class 'Log' not found in H:\jtita\app\modules\jtcore\controllers\admins\users_controller.inc on line 70
[03-May-2013 02:24:34 UTC] PHP Notice:  Undefined index: flash in H:\jtita\jtita\views\normal_view.inc on line 328
[03-May-2013 02:36:33 UTC] PHP Fatal error:  Call to undefined method ThemeView::layoutFile() in H:\jtita\app\modules\jtcore\views\admins\users\edit.jtp on line 2
[03-May-2013 02:47:02 UTC] PHP Fatal error:  Call to undefined method ThemeView::layoutFile() in H:\jtita\app\modules\jtcore\views\admins\users\edit.jtp on line 2
[03-May-2013 02:50:37 UTC] PHP Fatal error:  Call to undefined method ThemeView::layoutFile() in H:\jtita\app\modules\jtcore\views\admins\apps\index.jtp on line 1
[03-May-2013 02:50:47 UTC] PHP Fatal error:  Call to undefined method ThemeView::layoutFile() in H:\jtita\app\modules\jtcore\views\admins\user_groups\index.jtp on line 2
[03-May-2013 02:56:30 UTC] PHP Fatal error:  Call to undefined method ThemeView::layoutFile() in H:\jtita\app\modules\jtcore\views\admins\roles\index.jtp on line 1
[03-May-2013 02:57:19 UTC] PHP Fatal error:  Call to undefined method ThemeView::layoutFile() in H:\jtita\app\modules\jtcore\views\admins\roles\edit.jtp on line 1
[03-May-2013 02:58:17 UTC] PHP Fatal error:  Call to undefined method ThemeView::layoutFile() in H:\jtita\app\modules\jtcore\views\admins\themes\index.jtp on line 1
[03-May-2013 02:58:23 UTC] PHP Fatal error:  Call to undefined method ThemeView::layoutFile() in H:\jtita\app\modules\jtcore\views\admins\themes\index.jtp on line 1
[03-May-2013 02:59:10 UTC] PHP Fatal error:  Call to undefined method ThemeView::layoutFile() in H:\jtita\app\modules\jtcore\views\admins\settings\index.jtp on line 2
[03-May-2013 03:09:18 UTC] PHP Warning:  Illegal string offset 'name' in H:\jtita\app\modules\jtcore\views\admins\settings\index.jtp on line 23
[03-May-2013 03:09:19 UTC] PHP Warning:  Illegal string offset 'domain' in H:\jtita\app\modules\jtcore\views\admins\settings\index.jtp on line 32
[03-May-2013 03:09:19 UTC] PHP Warning:  Illegal string offset 'description' in H:\jtita\app\modules\jtcore\views\admins\settings\index.jtp on line 41
[03-May-2013 03:09:19 UTC] PHP Warning:  Illegal string offset 'seo' in H:\jtita\app\modules\jtcore\views\admins\settings\index.jtp on line 49
[03-May-2013 03:09:58 UTC] PHP Warning:  Illegal string offset 'name' in H:\jtita\app\modules\jtcore\views\admins\settings\index.jtp on line 23
[03-May-2013 03:09:58 UTC] PHP Warning:  Illegal string offset 'domain' in H:\jtita\app\modules\jtcore\views\admins\settings\index.jtp on line 32
[03-May-2013 03:09:58 UTC] PHP Warning:  Illegal string offset 'description' in H:\jtita\app\modules\jtcore\views\admins\settings\index.jtp on line 41
[03-May-2013 03:09:58 UTC] PHP Warning:  Illegal string offset 'seo' in H:\jtita\app\modules\jtcore\views\admins\settings\index.jtp on line 49
[03-May-2013 03:10:10 UTC] PHP Warning:  Illegal string offset 'name' in H:\jtita\app\modules\jtcore\views\admins\settings\index.jtp on line 23
[03-May-2013 03:10:10 UTC] PHP Warning:  Illegal string offset 'domain' in H:\jtita\app\modules\jtcore\views\admins\settings\index.jtp on line 32
[03-May-2013 03:10:10 UTC] PHP Warning:  Illegal string offset 'description' in H:\jtita\app\modules\jtcore\views\admins\settings\index.jtp on line 41
[03-May-2013 03:10:10 UTC] PHP Warning:  Illegal string offset 'seo' in H:\jtita\app\modules\jtcore\views\admins\settings\index.jtp on line 49
[03-May-2013 03:10:20 UTC] PHP Warning:  Illegal string offset 'name' in H:\jtita\app\modules\jtcore\views\admins\settings\index.jtp on line 23
[03-May-2013 03:10:20 UTC] PHP Warning:  Illegal string offset 'domain' in H:\jtita\app\modules\jtcore\views\admins\settings\index.jtp on line 32
[03-May-2013 03:10:20 UTC] PHP Warning:  Illegal string offset 'description' in H:\jtita\app\modules\jtcore\views\admins\settings\index.jtp on line 41
[03-May-2013 03:10:20 UTC] PHP Warning:  Illegal string offset 'seo' in H:\jtita\app\modules\jtcore\views\admins\settings\index.jtp on line 49
[03-May-2013 03:10:29 UTC] PHP Warning:  Illegal string offset 'name' in H:\jtita\app\modules\jtcore\views\admins\settings\index.jtp on line 23
[03-May-2013 03:10:29 UTC] PHP Warning:  Illegal string offset 'domain' in H:\jtita\app\modules\jtcore\views\admins\settings\index.jtp on line 32
[03-May-2013 03:10:29 UTC] PHP Warning:  Illegal string offset 'description' in H:\jtita\app\modules\jtcore\views\admins\settings\index.jtp on line 41
[03-May-2013 03:10:29 UTC] PHP Warning:  Illegal string offset 'seo' in H:\jtita\app\modules\jtcore\views\admins\settings\index.jtp on line 49
[03-May-2013 03:12:20 UTC] PHP Notice:  Undefined index: name in H:\jtita\app\modules\jtcore\views\admins\settings\index.jtp on line 23
[03-May-2013 03:12:20 UTC] PHP Notice:  Undefined index: domain in H:\jtita\app\modules\jtcore\views\admins\settings\index.jtp on line 32
[03-May-2013 03:12:20 UTC] PHP Notice:  Undefined index: seo in H:\jtita\app\modules\jtcore\views\admins\settings\index.jtp on line 49
[03-May-2013 03:14:44 UTC] PHP Notice:  Undefined index: name in H:\jtita\app\modules\jtcore\views\admins\settings\index.jtp on line 23
[03-May-2013 03:14:44 UTC] PHP Notice:  Undefined index: domain in H:\jtita\app\modules\jtcore\views\admins\settings\index.jtp on line 32
[03-May-2013 03:14:44 UTC] PHP Notice:  Undefined index: seo in H:\jtita\app\modules\jtcore\views\admins\settings\index.jtp on line 49
[03-May-2013 03:26:53 UTC] PHP Fatal error:  Call to undefined method ThemeView::layoutFile() in H:\jtita\app\modules\jtcore\views\admins\cache_tools\index.jtp on line 1
[03-May-2013 03:27:15 UTC] PHP Fatal error:  Call to undefined method ThemeView::layoutFile() in H:\jtita\app\modules\jtcore\views\admins\sql_tools\index.jtp on line 1
[03-May-2013 03:28:55 UTC] PHP Fatal error:  Call to undefined method ThemeView::layoutFile() in H:\jtita\app\modules\jtcore\views\admins\apps\index.jtp on line 1
[03-May-2013 03:31:02 UTC] PHP Fatal error:  Call to undefined method ThemeView::importHelpers() in H:\jtita\app\modules\jtcore\views\admins\logs\index.jtp on line 1
[03-May-2013 03:35:56 UTC] PHP Fatal error:  Call to undefined method ThemeView::layoutFile() in H:\jtita\app\modules\jtcore\views\admins\access\index.jtp on line 2
